2025-09-18 00:57:09,973 - botocore.credentials - INFO - Found credentials in shared credentials file: ~/.aws/credentials
2025-09-18 00:57:10,185 - __main__ - INFO - Monitoring configuration loaded
2025-09-18 00:57:10,185 - __main__ - INFO - Starting continuous monitoring (check interval: 5 minutes)
2025-09-18 00:59:29,285 - __main__ - INFO - Continuous monitoring stopped by user
2025-09-18 01:00:01,229 - botocore.credentials - INFO - Found credentials in shared credentials file: ~/.aws/credentials
2025-09-18 01:00:01,443 - __main__ - INFO - Monitoring configuration loaded
2025-09-18 01:00:01,443 - __main__ - INFO - Starting continuous monitoring (check interval: 5 minutes)
2025-09-18 01:01:07,109 - __main__ - INFO - Continuous monitoring stopped by user
2025-09-18 01:01:09,734 - botocore.credentials - INFO - Found credentials in shared credentials file: ~/.aws/credentials
2025-09-18 01:01:09,928 - __main__ - INFO - Monitoring configuration loaded
2025-09-18 01:01:09,928 - __main__ - INFO - Starting continuous monitoring (check interval: 1 minutes)
2025-09-18 01:02:09,929 - __main__ - INFO - Analyzing logs from 2025-09-18 01:00:09.929078 to 2025-09-18 01:02:09.929078
2025-09-18 01:02:11,205 - __main__ - INFO - Fetched 0 log entries
2025-09-18 01:02:11,206 - __main__ - INFO - No log entries found for analysis period
2025-09-18 01:03:11,206 - __main__ - INFO - Analyzing logs from 2025-09-18 01:01:11.206513 to 2025-09-18 01:03:11.206513
2025-09-18 01:03:12,128 - __main__ - INFO - Fetched 0 log entries
2025-09-18 01:03:12,129 - __main__ - INFO - No log entries found for analysis period
2025-09-18 01:03:15,426 - __main__ - INFO - Continuous monitoring stopped by user
2025-09-18 01:03:32,915 - botocore.credentials - INFO - Found credentials in shared credentials file: ~/.aws/credentials
2025-09-18 01:03:33,129 - __main__ - INFO - Monitoring configuration loaded
2025-09-18 01:03:33,130 - __main__ - INFO - Analyzing logs from 2025-09-17 to 2025-09-18
2025-09-18 01:03:34,328 - __main__ - INFO - Fetched 0 log entries
2025-09-26 18:13:35,286 - botocore.credentials - INFO - Found credentials in shared credentials file: ~/.aws/credentials
2025-09-26 18:13:35,450 - __main__ - INFO - Monitoring configuration loaded
2025-09-26 18:13:35,451 - __main__ - INFO - Analyzing logs from 2025-09-25 to 2025-09-26
2025-09-26 18:13:36,517 - __main__ - INFO - Fetched 0 log entries
2025-09-26 18:22:30,121 - botocore.credentials - INFO - Found credentials in shared credentials file: ~/.aws/credentials
2025-09-26 18:22:30,270 - __main__ - INFO - Monitoring configuration loaded
2025-09-26 18:22:30,271 - __main__ - INFO - Analyzing logs from 2025-09-25 to 2025-09-26
2025-09-26 18:22:31,443 - __main__ - INFO - Fetched 0 log entries
